[{"description":"","id":"transaction","keyword":"Feature","line":1,"name":"Transaction","uri":"./features/transaction.feature","elements":[{"keyword":"Scenario","type":"scenario","id":"transaction;transaction of a positive amount to an account","name":"Transaction of a positive amount to an account","description":"","line":4,"steps":[{"keyword":"Given ","name":"my account \"Wallet\" has 200 in balance","line":5,"match":{"location":"./features/transaction.feature:5"},"result":{"status":"failed","duration":0,"error_message":"Exception: type 'NoSuchMethodError' is not a subtype of type 'Exception'\n\n#0      FeatureFileRunner._runScenario (package:gherkin/src/feature_file_runner.dart:261:35)\n<asynchronous suspension>\n#1      FeatureFileRunner._runScenarioInZone.<anonymous closure> (package:gherkin/src/feature_file_runner.dart:142:30)\n#2      _rootRun (dart:async/zone.dart:1190:13)\n#3      _CustomZone.run (dart:async/zone.dart:1093:19)\n#4      _runZoned (dart:async/zone.dart:1630:10)\n#5      runZonedGuarded (dart:async/zone.dart:1618:12)\n#6      runZoned (dart:async/zone.dart:1547:12)\n#7      FeatureFileRunner._runScenarioInZone (package:gherkin/src/feature_file_runner.dart:140:5)\n#8      FeatureFileRunner._runFeature (package:gherkin/src/feature_file_runner.dart:74:21)\n<asynchronous suspension>\n#9      FeatureFileRunner.run (package:gherkin/src/feature_file_runner.dart:41:38)\n#10     GherkinRunner.execute (package:gherkin/src/test_runner.dart:86:45)\n<asynchronous suspension>\n#11     main (file:///home/thlst/usr/dev/budgie/packages/core/test/spec/test.dart:22:26)\n#12     _startIsolate.<anonymous closure> (dart:isolate-patch/isolate_patch.dart:301:19)\n#13     _RawReceivePortImpl._handleMessage (dart:isolate-patch/isolate_patch.dart:168:12)"}}]},{"keyword":"Scenario","type":"scenario","id":"transaction;transaction of a negative amount to an account","name":"Transaction of a negative amount to an account","description":"","line":10,"steps":[{"keyword":"Given ","name":"my account \"Wallet\" has 200 in balance","line":11,"match":{"location":"./features/transaction.feature:11"},"result":{"status":"failed","duration":0,"error_message":"Exception: type 'NoSuchMethodError' is not a subtype of type 'Exception'\n\n#0      FeatureFileRunner._runScenario (package:gherkin/src/feature_file_runner.dart:261:35)\n<asynchronous suspension>\n#1      FeatureFileRunner._runScenarioInZone.<anonymous closure> (package:gherkin/src/feature_file_runner.dart:142:30)\n#2      _rootRun (dart:async/zone.dart:1190:13)\n#3      _CustomZone.run (dart:async/zone.dart:1093:19)\n#4      _runZoned (dart:async/zone.dart:1630:10)\n#5      runZonedGuarded (dart:async/zone.dart:1618:12)\n#6      runZoned (dart:async/zone.dart:1547:12)\n#7      FeatureFileRunner._runScenarioInZone (package:gherkin/src/feature_file_runner.dart:140:5)\n#8      FeatureFileRunner._runFeature (package:gherkin/src/feature_file_runner.dart:74:21)\n<asynchronous suspension>\n#9      FeatureFileRunner.run (package:gherkin/src/feature_file_runner.dart:41:38)\n#10     GherkinRunner.execute (package:gherkin/src/test_runner.dart:86:45)\n<asynchronous suspension>\n#11     main (file:///home/thlst/usr/dev/budgie/packages/core/test/spec/test.dart:22:26)\n#12     _startIsolate.<anonymous closure> (dart:isolate-patch/isolate_patch.dart:301:19)\n#13     _RawReceivePortImpl._handleMessage (dart:isolate-patch/isolate_patch.dart:168:12)"}}]},{"keyword":"Scenario","type":"scenario","id":"transaction;transaction of a negative amount larger than the account's balance","name":"Transaction of a negative amount larger than the account's balance","description":"","line":16,"steps":[{"keyword":"Given ","name":"my account \"Wallet\" has 200 in balance","line":17,"match":{"location":"./features/transaction.feature:17"},"result":{"status":"failed","duration":0,"error_message":"Exception: type 'NoSuchMethodError' is not a subtype of type 'Exception'\n\n#0      FeatureFileRunner._runScenario (package:gherkin/src/feature_file_runner.dart:261:35)\n<asynchronous suspension>\n#1      FeatureFileRunner._runScenarioInZone.<anonymous closure> (package:gherkin/src/feature_file_runner.dart:142:30)\n#2      _rootRun (dart:async/zone.dart:1190:13)\n#3      _CustomZone.run (dart:async/zone.dart:1093:19)\n#4      _runZoned (dart:async/zone.dart:1630:10)\n#5      runZonedGuarded (dart:async/zone.dart:1618:12)\n#6      runZoned (dart:async/zone.dart:1547:12)\n#7      FeatureFileRunner._runScenarioInZone (package:gherkin/src/feature_file_runner.dart:140:5)\n#8      FeatureFileRunner._runFeature (package:gherkin/src/feature_file_runner.dart:74:21)\n<asynchronous suspension>\n#9      FeatureFileRunner.run (package:gherkin/src/feature_file_runner.dart:41:38)\n#10     GherkinRunner.execute (package:gherkin/src/test_runner.dart:86:45)\n<asynchronous suspension>\n#11     main (file:///home/thlst/usr/dev/budgie/packages/core/test/spec/test.dart:22:26)\n#12     _startIsolate.<anonymous closure> (dart:isolate-patch/isolate_patch.dart:301:19)\n#13     _RawReceivePortImpl._handleMessage (dart:isolate-patch/isolate_patch.dart:168:12)"}}]},{"keyword":"Scenario","type":"scenario","id":"transaction;transfer an amount between two accounts","name":"Transfer an amount between two accounts","description":"","line":22,"steps":[{"keyword":"Given ","name":"my account \"Wallet\" has 200 in balance","line":23,"match":{"location":"./features/transaction.feature:23"},"result":{"status":"failed","duration":0,"error_message":"Exception: type 'NoSuchMethodError' is not a subtype of type 'Exception'\n\n#0      FeatureFileRunner._runScenario (package:gherkin/src/feature_file_runner.dart:261:35)\n<asynchronous suspension>\n#1      FeatureFileRunner._runScenarioInZone.<anonymous closure> (package:gherkin/src/feature_file_runner.dart:142:30)\n#2      _rootRun (dart:async/zone.dart:1190:13)\n#3      _CustomZone.run (dart:async/zone.dart:1093:19)\n#4      _runZoned (dart:async/zone.dart:1630:10)\n#5      runZonedGuarded (dart:async/zone.dart:1618:12)\n#6      runZoned (dart:async/zone.dart:1547:12)\n#7      FeatureFileRunner._runScenarioInZone (package:gherkin/src/feature_file_runner.dart:140:5)\n#8      FeatureFileRunner._runFeature (package:gherkin/src/feature_file_runner.dart:74:21)\n<asynchronous suspension>\n#9      FeatureFileRunner.run (package:gherkin/src/feature_file_runner.dart:41:38)\n#10     GherkinRunner.execute (package:gherkin/src/test_runner.dart:86:45)\n<asynchronous suspension>\n#11     main (file:///home/thlst/usr/dev/budgie/packages/core/test/spec/test.dart:22:26)\n#12     _startIsolate.<anonymous closure> (dart:isolate-patch/isolate_patch.dart:301:19)\n#13     _RawReceivePortImpl._handleMessage (dart:isolate-patch/isolate_patch.dart:168:12)"}}]}]}]